[
  {
    "line": 1,
    "elements": [
      {
        "line": 4,
        "name": "Login Page for timesheet",
        "description": "",
        "id": "time-sheet;login-page-for-timesheet",
        "type": "scenario",
        "keyword": "Scenario",
        "steps": [
          {
            "result": {
              "duration": 16911650651,
              "status": "passed"
            },
            "line": 5,
            "name": "Open the Browser",
            "match": {
              "location": "TimeSheetSteps.open_the_Browser()"
            },
            "keyword": "Given "
          },
          {
            "result": {
              "duration": 2610762637,
              "status": "passed"
            },
            "line": 6,
            "name": "Enter the Timesheet URL",
            "match": {
              "location": "TimeSheetSteps.enter_the_Timesheet_URL()"
            },
            "keyword": "And "
          },
          {
            "result": {
              "duration": 477085789,
              "status": "passed"
            },
            "line": 7,
            "name": "Enter the Timesheet Username",
            "match": {
              "location": "TimeSheetSteps.enter_the_Timesheet_Username()"
            },
            "keyword": "When "
          },
          {
            "result": {
              "duration": 216958662,
              "status": "passed"
            },
            "line": 8,
            "name": "Enter the Timesheet Password",
            "match": {
              "location": "TimeSheetSteps.enter_the_Timesheet_Password()"
            },
            "keyword": "And "
          },
          {
            "result": {
              "duration": 681597803,
              "status": "passed"
            },
            "line": 9,
            "name": "Click on Timesheet Login",
            "match": {
              "location": "TimeSheetSteps.click_on_Timesheet_Login()"
            },
            "keyword": "Then "
          }
        ],
        "tags": [
          {
            "line": 3,
            "name": "@tag"
          }
        ]
      },
      {
        "line": 24,
        "name": "Add In-Time TimeSheet",
        "description": "",
        "id": "time-sheet;add-in-time-timesheet;;2",
        "type": "scenario",
        "keyword": "Scenario Outline",
        "steps": [
          {
            "result": {
              "duration": 4862687528,
              "status": "passed"
            },
            "line": 13,
            "name": "Click on Timesheet",
            "match": {
              "location": "TimeSheetSteps.click_on_Timesheet()"
            },
            "keyword": "Given "
          },
          {
            "result": {
              "duration": 2374773406,
              "status": "passed"
            },
            "line": 14,
            "name": "Click on Add Button",
            "match": {
              "location": "TimeSheetSteps.click_on_Add_Button()"
            },
            "keyword": "And "
          },
          {
            "result": {
              "duration": 597529171,
              "status": "passed"
            },
            "line": 15,
            "name": "Enter the Time IN as 9.00",
            "match": {
              "arguments": [
                {
                  "val": "9.00",
                  "offset": 21
                }
              ],
              "location": "TimeSheetSteps.enter_the_Time_IN(String)"
            },
            "matchedColumns": [
              0
            ],
            "keyword": "When "
          },
          {
            "result": {
              "duration": 3167065951,
              "status": "passed"
            },
            "line": 16,
            "name": "Click on TimeSheet Save button",
            "match": {
              "location": "TimeSheetSteps.click_on_TimeSheet_Save_button()"
            },
            "keyword": "Then "
          },
          {
            "result": {
              "duration": 1345152226,
              "status": "passed"
            },
            "line": 17,
            "name": "Close the Pop-up",
            "match": {
              "location": "TimeSheetSteps.close_the_Pop_up()"
            },
            "keyword": "And "
          },
          {
            "result": {
              "duration": 3133876868,
              "status": "passed"
            },
            "line": 18,
            "name": "Click on leave Application",
            "match": {
              "location": "TimeSheetSteps.click_on_leave_Application()"
            },
            "keyword": "And "
          },
          {
            "result": {
              "duration": 1452570542,
              "status": "passed"
            },
            "line": 19,
            "name": "Click on Timesheet",
            "match": {
              "location": "TimeSheetSteps.click_on_Timesheet()"
            },
            "keyword": "Given "
          },
          {
            "result": {
              "duration": 904630037,
              "status": "passed"
            },
            "line": 20,
            "name": "Click on Edit button",
            "match": {
              "location": "TimeSheetSteps.click_on_Edit_button()"
            },
            "keyword": "And "
          }
        ],
        "tags": [
          {
            "line": 11,
            "name": "@tag1"
          }
        ]
      },
      {
        "line": 38,
        "name": "Add the Task",
        "description": "",
        "id": "time-sheet;add-the-task;;2",
        "type": "scenario",
        "keyword": "Scenario Outline",
        "steps": [
          {
            "result": {
              "duration": 30108101806,
              "error_message": "org.openqa.selenium.NoSuchElementException: no such element: Unable to locate element: {\"method\":\"xpath\",\"selector\":\"(//td[@class\u003d\u0027taL\u0027]//select)[3]\"}\n  (Session info: chrome\u003d84.0.4147.105)\nFor documentation on this error, please visit: http://seleniumhq.org/exceptions/no_such_element.html\nBuild info: version: \u00273.14.0\u0027, revision: \u0027aacccce0\u0027, time: \u00272018-08-02T20:19:58.91Z\u0027\nSystem info: host: \u0027CIS20\u0027, ip: \u002710.77.27.91\u0027, os.name: \u0027Windows 7\u0027, os.arch: \u0027amd64\u0027, os.version: \u00276.1\u0027, java.version: \u00271.8.0_241\u0027\nDriver info: org.openqa.selenium.chrome.ChromeDriver\nCapabilities {acceptInsecureCerts: false, browserName: chrome, browserVersion: 84.0.4147.105, chrome: {chromedriverVersion: 83.0.4103.39 (ccbf011cb2d2b..., userDataDir: C:\\Users\\karamach\\AppData\\L...}, goog:chromeOptions: {debuggerAddress: localhost:4541}, javascriptEnabled: true, networkConnectionEnabled: false, pageLoadStrategy: normal, platform: WINDOWS, platformName: WINDOWS, proxy: Proxy(), setWindowRect: true, strictFileInteractability: false, timeouts: {implicit: 0, pageLoad: 300000, script: 30000}, unhandledPromptBehavior: dismiss and notify, webauthn:virtualAuthenticators: true}\nSession ID: 70468cbda81fe2f8fed32c660e951fa6\n*** Element info: {Using\u003dxpath, value\u003d(//td[@class\u003d\u0027taL\u0027]//select)[3]}\r\n\tat sun.reflect.NativeConstructorAccessorImpl.newInstance0(Native Method)\r\n\tat sun.reflect.NativeConstructorAccessorImpl.newInstance(Unknown Source)\r\n\tat sun.reflect.DelegatingConstructorAccessorImpl.newInstance(Unknown Source)\r\n\tat java.lang.reflect.Constructor.newInstance(Unknown Source)\r\n\tat org.openqa.selenium.remote.http.W3CHttpResponseCodec.createException(W3CHttpResponseCodec.java:187)\r\n\tat org.openqa.selenium.remote.http.W3CHttpResponseCodec.decode(W3CHttpResponseCodec.java:122)\r\n\tat org.openqa.selenium.remote.http.W3CHttpResponseCodec.decode(W3CHttpResponseCodec.java:49)\r\n\tat org.openqa.selenium.remote.HttpCommandExecutor.execute(HttpCommandExecutor.java:158)\r\n\tat org.openqa.selenium.remote.service.DriverCommandExecutor.execute(DriverCommandExecutor.java:83)\r\n\tat org.openqa.selenium.remote.RemoteWebDriver.execute(RemoteWebDriver.java:548)\r\n\tat org.openqa.selenium.remote.RemoteWebDriver.findElement(RemoteWebDriver.java:322)\r\n\tat org.openqa.selenium.remote.RemoteWebDriver.findElementByXPath(RemoteWebDriver.java:424)\r\n\tat org.openqa.selenium.By$ByXPath.findElement(By.java:353)\r\n\tat org.openqa.selenium.remote.RemoteWebDriver.findElement(RemoteWebDriver.java:314)\r\n\tat steps.TimeSheetSteps.select_the_project_Name(TimeSheetSteps.java:120)\r\n\tat ✽.When Select the project Name as Zion(src/main/java/feature/TimeSheet.feature:28)\r\n",
              "status": "failed"
            },
            "line": 28,
            "name": "Select the project Name as Zion",
            "match": {
              "arguments": [
                {
                  "val": "Zion",
                  "offset": 27
                }
              ],
              "location": "TimeSheetSteps.select_the_project_Name(String)"
            },
            "matchedColumns": [
              0
            ],
            "keyword": "When "
          },
          {
            "result": {
              "status": "skipped"
            },
            "line": 29,
            "name": "Select the Task type as QA Testing",
            "match": {
              "arguments": [
                {
                  "val": "QA Testing",
                  "offset": 24
                }
              ],
              "location": "TimeSheetSteps.select_the_Task_type(String)"
            },
            "matchedColumns": [
              1
            ],
            "keyword": "And "
          },
          {
            "result": {
              "status": "skipped"
            },
            "line": 30,
            "name": "Select the Mode of Request as TFS No",
            "match": {
              "arguments": [
                {
                  "val": "TFS No",
                  "offset": 30
                }
              ],
              "location": "TimeSheetSteps.select_the_Mode_of_Request(String)"
            },
            "matchedColumns": [
              2
            ],
            "keyword": "And "
          },
          {
            "result": {
              "status": "skipped"
            },
            "line": 31,
            "name": "Enter the Task Name as Phone calls and GTM",
            "match": {
              "arguments": [
                {
                  "val": "Phone calls and GTM",
                  "offset": 23
                }
              ],
              "location": "TimeSheetSteps.enter_the_Task_Name(String)"
            },
            "matchedColumns": [
              3
            ],
            "keyword": "And "
          },
          {
            "result": {
              "status": "skipped"
            },
            "line": 32,
            "name": "Enter the Start Time as 9.00 am",
            "match": {
              "arguments": [
                {
                  "val": "9.00 am",
                  "offset": 24
                }
              ],
              "location": "TimeSheetSteps.enter_the_Start_Time(String)"
            },
            "matchedColumns": [
              4
            ],
            "keyword": "And "
          },
          {
            "result": {
              "status": "skipped"
            },
            "line": 33,
            "name": "Enter the End Time as 11.00 aM",
            "match": {
              "arguments": [
                {
                  "val": "11.00 aM",
                  "offset": 22
                }
              ],
              "location": "TimeSheetSteps.enter_the_End_Time(String)"
            },
            "matchedColumns": [
              5
            ],
            "keyword": "And "
          },
          {
            "result": {
              "status": "skipped"
            },
            "line": 34,
            "name": "Click on Task Save button",
            "match": {
              "location": "TimeSheetSteps.click_on_Task_Save_button()"
            },
            "keyword": "Then "
          }
        ],
        "tags": [
          {
            "line": 26,
            "name": "@tag2"
          }
        ]
      },
      {
        "line": 53,
        "name": "Add the Next Task",
        "description": "",
        "id": "time-sheet;add-the-next-task;;2",
        "type": "scenario",
        "keyword": "Scenario Outline",
        "steps": [
          {
            "result": {
              "duration": 31498813666,
              "status": "passed"
            },
            "line": 42,
            "name": "Click on Add Task",
            "match": {
              "location": "TimeSheetSteps.click_on_Add_Task()"
            },
            "keyword": "Given "
          },
          {
            "result": {
              "duration": 2138042040,
              "status": "passed"
            },
            "line": 43,
            "name": "Select the Next project Name as Zion",
            "match": {
              "arguments": [
                {
                  "val": "Zion",
                  "offset": 32
                }
              ],
              "location": "TimeSheetSteps.select_the_Next_project_Name_as_ProjectName(String)"
            },
            "matchedColumns": [
              0
            ],
            "keyword": "When "
          },
          {
            "result": {
              "duration": 152142959,
              "status": "passed"
            },
            "line": 44,
            "name": "Select the Next Task type as QA Testing",
            "match": {
              "arguments": [
                {
                  "val": "QA Testing",
                  "offset": 29
                }
              ],
              "location": "TimeSheetSteps.select_the_Next_Task_type_as_TaskType(String)"
            },
            "matchedColumns": [
              1
            ],
            "keyword": "And "
          },
          {
            "result": {
              "duration": 189522698,
              "status": "passed"
            },
            "line": 45,
            "name": "Select the Next Mode of Request as TFS No",
            "match": {
              "arguments": [
                {
                  "val": "TFS No",
                  "offset": 35
                }
              ],
              "location": "TimeSheetSteps.select_the_Next_Mode_of_Request_as_MOR(String)"
            },
            "matchedColumns": [
              2
            ],
            "keyword": "And "
          },
          {
            "result": {
              "duration": 1215439135,
              "status": "passed"
            },
            "line": 46,
            "name": "Enter the Next Task Name as Internal - Testing done for v3.6 for SIT and UAT",
            "match": {
              "arguments": [
                {
                  "val": "Internal - Testing done for v3.6 for SIT and UAT",
                  "offset": 28
                }
              ],
              "location": "TimeSheetSteps.enter_the_Next_Task_Name_as_Task(String)"
            },
            "matchedColumns": [
              3
            ],
            "keyword": "And "
          },
          {
            "result": {
              "duration": 30065811617,
              "error_message": "org.openqa.selenium.NoSuchElementException: no such element: Unable to locate element: {\"method\":\"xpath\",\"selector\":\"(//input[@class\u003d\u0027watermarked\u0027])[3]\"}\n  (Session info: chrome\u003d84.0.4147.105)\nFor documentation on this error, please visit: http://seleniumhq.org/exceptions/no_such_element.html\nBuild info: version: \u00273.14.0\u0027, revision: \u0027aacccce0\u0027, time: \u00272018-08-02T20:19:58.91Z\u0027\nSystem info: host: \u0027CIS20\u0027, ip: \u002710.77.27.91\u0027, os.name: \u0027Windows 7\u0027, os.arch: \u0027amd64\u0027, os.version: \u00276.1\u0027, java.version: \u00271.8.0_241\u0027\nDriver info: org.openqa.selenium.chrome.ChromeDriver\nCapabilities {acceptInsecureCerts: false, browserName: chrome, browserVersion: 84.0.4147.105, chrome: {chromedriverVersion: 83.0.4103.39 (ccbf011cb2d2b..., userDataDir: C:\\Users\\karamach\\AppData\\L...}, goog:chromeOptions: {debuggerAddress: localhost:4541}, javascriptEnabled: true, networkConnectionEnabled: false, pageLoadStrategy: normal, platform: WINDOWS, platformName: WINDOWS, proxy: Proxy(), setWindowRect: true, strictFileInteractability: false, timeouts: {implicit: 0, pageLoad: 300000, script: 30000}, unhandledPromptBehavior: dismiss and notify, webauthn:virtualAuthenticators: true}\nSession ID: 70468cbda81fe2f8fed32c660e951fa6\n*** Element info: {Using\u003dxpath, value\u003d(//input[@class\u003d\u0027watermarked\u0027])[3]}\r\n\tat sun.reflect.NativeConstructorAccessorImpl.newInstance0(Native Method)\r\n\tat sun.reflect.NativeConstructorAccessorImpl.newInstance(Unknown Source)\r\n\tat sun.reflect.DelegatingConstructorAccessorImpl.newInstance(Unknown Source)\r\n\tat java.lang.reflect.Constructor.newInstance(Unknown Source)\r\n\tat org.openqa.selenium.remote.http.W3CHttpResponseCodec.createException(W3CHttpResponseCodec.java:187)\r\n\tat org.openqa.selenium.remote.http.W3CHttpResponseCodec.decode(W3CHttpResponseCodec.java:122)\r\n\tat org.openqa.selenium.remote.http.W3CHttpResponseCodec.decode(W3CHttpResponseCodec.java:49)\r\n\tat org.openqa.selenium.remote.HttpCommandExecutor.execute(HttpCommandExecutor.java:158)\r\n\tat org.openqa.selenium.remote.service.DriverCommandExecutor.execute(DriverCommandExecutor.java:83)\r\n\tat org.openqa.selenium.remote.RemoteWebDriver.execute(RemoteWebDriver.java:548)\r\n\tat org.openqa.selenium.remote.RemoteWebDriver.findElement(RemoteWebDriver.java:322)\r\n\tat org.openqa.selenium.remote.RemoteWebDriver.findElementByXPath(RemoteWebDriver.java:424)\r\n\tat org.openqa.selenium.By$ByXPath.findElement(By.java:353)\r\n\tat org.openqa.selenium.remote.RemoteWebDriver.findElement(RemoteWebDriver.java:314)\r\n\tat steps.TimeSheetSteps.enter_the_Next_Start_Time_as_Start(TimeSheetSteps.java:228)\r\n\tat ✽.And Enter the Next Start Time as 11.00 am(src/main/java/feature/TimeSheet.feature:47)\r\n",
              "status": "failed"
            },
            "line": 47,
            "name": "Enter the Next Start Time as 11.00 am",
            "match": {
              "arguments": [
                {
                  "val": "11.00 am",
                  "offset": 29
                }
              ],
              "location": "TimeSheetSteps.enter_the_Next_Start_Time_as_Start(String)"
            },
            "matchedColumns": [
              4
            ],
            "keyword": "And "
          },
          {
            "result": {
              "status": "skipped"
            },
            "line": 48,
            "name": "Enter the Next End Time as 1.00 pm",
            "match": {
              "arguments": [
                {
                  "val": "1.00 pm",
                  "offset": 27
                }
              ],
              "location": "TimeSheetSteps.enter_the_Next_End_Time_as_End(String)"
            },
            "matchedColumns": [
              5
            ],
            "keyword": "And "
          },
          {
            "result": {
              "status": "skipped"
            },
            "line": 49,
            "name": "Click on Next Task Save button",
            "match": {
              "location": "TimeSheetSteps.click_on_Next_Task_Save_button()"
            },
            "keyword": "Then "
          }
        ],
        "tags": [
          {
            "line": 40,
            "name": "@tag3"
          }
        ]
      },
      {
        "line": 54,
        "name": "Add the Next Task",
        "description": "",
        "id": "time-sheet;add-the-next-task;;3",
        "type": "scenario",
        "keyword": "Scenario Outline",
        "steps": [
          {
            "result": {
              "duration": 32896907083,
              "status": "passed"
            },
            "line": 42,
            "name": "Click on Add Task",
            "match": {
              "location": "TimeSheetSteps.click_on_Add_Task()"
            },
            "keyword": "Given "
          },
          {
            "result": {
              "duration": 808141636,
              "status": "passed"
            },
            "line": 43,
            "name": "Select the Next project Name as Zion",
            "match": {
              "arguments": [
                {
                  "val": "Zion",
                  "offset": 32
                }
              ],
              "location": "TimeSheetSteps.select_the_Next_project_Name_as_ProjectName(String)"
            },
            "matchedColumns": [
              0
            ],
            "keyword": "When "
          },
          {
            "result": {
              "duration": 208225134,
              "status": "passed"
            },
            "line": 44,
            "name": "Select the Next Task type as QA Testing",
            "match": {
              "arguments": [
                {
                  "val": "QA Testing",
                  "offset": 29
                }
              ],
              "location": "TimeSheetSteps.select_the_Next_Task_type_as_TaskType(String)"
            },
            "matchedColumns": [
              1
            ],
            "keyword": "And "
          },
          {
            "result": {
              "duration": 281649398,
              "status": "passed"
            },
            "line": 45,
            "name": "Select the Next Mode of Request as TFS No",
            "match": {
              "arguments": [
                {
                  "val": "TFS No",
                  "offset": 35
                }
              ],
              "location": "TimeSheetSteps.select_the_Next_Mode_of_Request_as_MOR(String)"
            },
            "matchedColumns": [
              2
            ],
            "keyword": "And "
          },
          {
            "result": {
              "duration": 781379736,
              "status": "passed"
            },
            "line": 46,
            "name": "Enter the Next Task Name as Mobile testing and high level regression in UAT",
            "match": {
              "arguments": [
                {
                  "val": "Mobile testing and high level regression in UAT",
                  "offset": 28
                }
              ],
              "location": "TimeSheetSteps.enter_the_Next_Task_Name_as_Task(String)"
            },
            "matchedColumns": [
              3
            ],
            "keyword": "And "
          },
          {
            "result": {
              "duration": 41066130672,
              "error_message": "org.openqa.selenium.NoSuchElementException: no such element: Unable to locate element: {\"method\":\"xpath\",\"selector\":\"(//input[@class\u003d\u0027watermarked\u0027])[3]\"}\n  (Session info: chrome\u003d84.0.4147.105)\nFor documentation on this error, please visit: http://seleniumhq.org/exceptions/no_such_element.html\nBuild info: version: \u00273.14.0\u0027, revision: \u0027aacccce0\u0027, time: \u00272018-08-02T20:19:58.91Z\u0027\nSystem info: host: \u0027CIS20\u0027, ip: \u002710.77.27.91\u0027, os.name: \u0027Windows 7\u0027, os.arch: \u0027amd64\u0027, os.version: \u00276.1\u0027, java.version: \u00271.8.0_241\u0027\nDriver info: org.openqa.selenium.chrome.ChromeDriver\nCapabilities {acceptInsecureCerts: false, browserName: chrome, browserVersion: 84.0.4147.105, chrome: {chromedriverVersion: 83.0.4103.39 (ccbf011cb2d2b..., userDataDir: C:\\Users\\karamach\\AppData\\L...}, goog:chromeOptions: {debuggerAddress: localhost:4541}, javascriptEnabled: true, networkConnectionEnabled: false, pageLoadStrategy: normal, platform: WINDOWS, platformName: WINDOWS, proxy: Proxy(), setWindowRect: true, strictFileInteractability: false, timeouts: {implicit: 0, pageLoad: 300000, script: 30000}, unhandledPromptBehavior: dismiss and notify, webauthn:virtualAuthenticators: true}\nSession ID: 70468cbda81fe2f8fed32c660e951fa6\n*** Element info: {Using\u003dxpath, value\u003d(//input[@class\u003d\u0027watermarked\u0027])[3]}\r\n\tat sun.reflect.NativeConstructorAccessorImpl.newInstance0(Native Method)\r\n\tat sun.reflect.NativeConstructorAccessorImpl.newInstance(Unknown Source)\r\n\tat sun.reflect.DelegatingConstructorAccessorImpl.newInstance(Unknown Source)\r\n\tat java.lang.reflect.Constructor.newInstance(Unknown Source)\r\n\tat org.openqa.selenium.remote.http.W3CHttpResponseCodec.createException(W3CHttpResponseCodec.java:187)\r\n\tat org.openqa.selenium.remote.http.W3CHttpResponseCodec.decode(W3CHttpResponseCodec.java:122)\r\n\tat org.openqa.selenium.remote.http.W3CHttpResponseCodec.decode(W3CHttpResponseCodec.java:49)\r\n\tat org.openqa.selenium.remote.HttpCommandExecutor.execute(HttpCommandExecutor.java:158)\r\n\tat org.openqa.selenium.remote.service.DriverCommandExecutor.execute(DriverCommandExecutor.java:83)\r\n\tat org.openqa.selenium.remote.RemoteWebDriver.execute(RemoteWebDriver.java:548)\r\n\tat org.openqa.selenium.remote.RemoteWebDriver.findElement(RemoteWebDriver.java:322)\r\n\tat org.openqa.selenium.remote.RemoteWebDriver.findElementByXPath(RemoteWebDriver.java:424)\r\n\tat org.openqa.selenium.By$ByXPath.findElement(By.java:353)\r\n\tat org.openqa.selenium.remote.RemoteWebDriver.findElement(RemoteWebDriver.java:314)\r\n\tat steps.TimeSheetSteps.enter_the_Next_Start_Time_as_Start(TimeSheetSteps.java:228)\r\n\tat ✽.And Enter the Next Start Time as 2.30 pm(src/main/java/feature/TimeSheet.feature:47)\r\n",
              "status": "failed"
            },
            "line": 47,
            "name": "Enter the Next Start Time as 2.30 pm",
            "match": {
              "arguments": [
                {
                  "val": "2.30 pm",
                  "offset": 29
                }
              ],
              "location": "TimeSheetSteps.enter_the_Next_Start_Time_as_Start(String)"
            },
            "matchedColumns": [
              4
            ],
            "keyword": "And "
          },
          {
            "result": {
              "status": "skipped"
            },
            "line": 48,
            "name": "Enter the Next End Time as 7.00 pm",
            "match": {
              "arguments": [
                {
                  "val": "7.00 pm",
                  "offset": 27
                }
              ],
              "location": "TimeSheetSteps.enter_the_Next_End_Time_as_End(String)"
            },
            "matchedColumns": [
              5
            ],
            "keyword": "And "
          },
          {
            "result": {
              "status": "skipped"
            },
            "line": 49,
            "name": "Click on Next Task Save button",
            "match": {
              "location": "TimeSheetSteps.click_on_Next_Task_Save_button()"
            },
            "keyword": "Then "
          }
        ],
        "tags": [
          {
            "line": 40,
            "name": "@tag3"
          }
        ]
      },
      {
        "line": 66,
        "name": "Time Out",
        "description": "",
        "id": "time-sheet;time-out;;2",
        "type": "scenario",
        "keyword": "Scenario Outline",
        "steps": [
          {
            "result": {
              "duration": 32024603564,
              "status": "passed"
            },
            "line": 60,
            "name": "Enter the Break time as 1.00",
            "match": {
              "arguments": [
                {
                  "val": "1.00",
                  "offset": 24
                }
              ],
              "location": "TimeSheetSteps.enter_the_Break_time_as(String)"
            },
            "matchedColumns": [
              0
            ],
            "keyword": "Given "
          },
          {
            "result": {
              "duration": 31060152749,
              "status": "passed"
            },
            "line": 61,
            "name": "Enter the Out time as 8.00 pm",
            "match": {
              "arguments": [
                {
                  "val": "8.00 pm",
                  "offset": 22
                }
              ],
              "location": "TimeSheetSteps.enter_the_Out_time_as(String)"
            },
            "matchedColumns": [
              1
            ],
            "keyword": "And "
          },
          {
            "result": {
              "duration": 147620682,
              "status": "passed"
            },
            "line": 62,
            "name": "Enter the Save button",
            "match": {
              "location": "TimeSheetSteps.enter_the_Save_button()"
            },
            "keyword": "Then "
          }
        ],
        "tags": [
          {
            "line": 58,
            "name": "@tag4"
          }
        ]
      },
      {
        "line": 69,
        "name": "",
        "description": "",
        "id": "time-sheet;",
        "type": "scenario",
        "keyword": "Scenario",
        "steps": [
          {
            "result": {
              "duration": 2452404033,
              "status": "passed"
            },
            "line": 70,
            "name": "Close the Broser",
            "match": {
              "location": "TimeSheetSteps.close_the_Broser()"
            },
            "keyword": "Then "
          }
        ],
        "tags": [
          {
            "line": 68,
            "name": "@tag5"
          }
        ]
      }
    ],
    "name": "Time Sheet",
    "description": "",
    "id": "time-sheet",
    "keyword": "Feature",
    "uri": "src/main/java/feature/TimeSheet.feature"
  }
]